org.openqa.selenium.NoSuchWindowException: Unable to locate window "{cf7d2e95-8c4a-4b4a-b69d-0bb5496d1c35}"
Command duration or timeout: 2.01 seconds
Build info: version: '2.42.2', revision: '6a6995d31c7c56c340d6f45a76976d43506cd6cc', time: '2014-06-03 10:52:47'
System info: host: 'NJITSATYARAMD6', ip: '10.82.89.22', os.name: 'Windows 7', os.arch: 'amd64', os.version: '6.1', java.version: '1.7.0_79'
Session ID: 9a7e236b-d074-4e58-9341-dfaf79b5f632
Driver info: org.openqa.selenium.firefox.FirefoxDriver
Capabilities [{platform=WINDOWS, acceptSslCerts=true, javascriptEnabled=true, cssSelectorsEnabled=true, databaseEnabled=true, browserName=firefox, handlesAlerts=true, nativeEvents=false, webStorageEnabled=true, rotatable=false, locationContextEnabled=true, applicationCacheEnabled=true, takesScreenshot=true, version=45.0.1}]
	at sun.reflect.NativeConstructorAccessorImpl.newInstance0(Native Method)
	at sun.reflect.NativeConstructorAccessorImpl.newInstance(NativeConstructorAccessorImpl.java:57)
	at sun.reflect.DelegatingConstructorAccessorImpl.newInstance(DelegatingConstructorAccessorImpl.java:45)
	at java.lang.reflect.Constructor.newInstance(Constructor.java:526)
	at org.openqa.selenium.remote.ErrorHandler.createThrowable(ErrorHandler.java:206)
	at org.openqa.selenium.remote.ErrorHandler.throwIfResponseFailed(ErrorHandler.java:158)
	at org.openqa.selenium.remote.RemoteWebDriver.execute(RemoteWebDriver.java:595)
	at org.openqa.selenium.remote.RemoteWebDriver$RemoteTargetLocator.window(RemoteWebDriver.java:895)
	at businesscomponents.TaleoApp.taleoTest(TaleoApp.java:56)
	at businesscomponents.TestScenario1.runTestScenario(TestScenario1.java:64)
	at sun.reflect.NativeMethodAccessorImpl.invoke0(Native Method)
	at sun.reflect.NativeMethodAccessorImpl.invoke(NativeMethodAccessorImpl.java:57)
	at sun.reflect.DelegatingMethodAccessorImpl.invoke(DelegatingMethodAccessorImpl.java:43)
	at java.lang.reflect.Method.invoke(Method.java:606)
	at supportlibraries.DriverScript.invokeBusinessComponent(DriverScript.java:894)
	at supportlibraries.DriverScript.executeTestcase(DriverScript.java:841)
	at supportlibraries.DriverScript.executeCRAFTTestIterations(DriverScript.java:742)
	at supportlibraries.DriverScript.executeCraftOrCraftLite(DriverScript.java:140)
	at supportlibraries.DriverScript.driveTestExecution(DriverScript.java:130)
	at allocator.ParallelRunner.run(ParallelRunner.java:48)
	at java.util.concurrent.ThreadPoolExecutor.runWorker(ThreadPoolExecutor.java:1145)
	at java.util.concurrent.ThreadPoolExecutor$Worker.run(ThreadPoolExecutor.java:615)
	at java.lang.Thread.run(Thread.java:745)
Caused by: org.openqa.selenium.NoSuchWindowException: Unable to locate window "{cf7d2e95-8c4a-4b4a-b69d-0bb5496d1c35}"
Build info: version: '2.42.2', revision: '6a6995d31c7c56c340d6f45a76976d43506cd6cc', time: '2014-06-03 10:52:47'
System info: host: 'NJITSATYARAMD6', ip: '10.82.89.22', os.name: 'Windows 7', os.arch: 'amd64', os.version: '6.1', java.version: '1.7.0_79'
Driver info: driver.version: unknown
	at <anonymous class>.nsCommandProcessor.prototype.switchToWindow(file:///C:/Users/satyaram/AppData/Local/Temp/anonymous3722768429394276732webdriver-profile/extensions/fxdriver@googlecode.com/components/command-processor.js:12753)
	at <anonymous class>.nsCommandProcessor.prototype.switchToWindow/<(file:///C:/Users/satyaram/AppData/Local/Temp/anonymous3722768429394276732webdriver-profile/extensions/fxdriver@googlecode.com/components/command-processor.js:12757)
